<?xml version="1.0" encoding="UTF-8"?>
<!-- Generated by org.testng.reporters.JUnitReportReporter -->
<testsuite hostname="DESKTOP-RPL99KP" failures="0" tests="1" name="TestCasesClass.MyFirstClass" time="14.977" errors="0" timestamp="21 Jul 2022 18:52:20 GMT" skipped="0">
  <testcase classname="TestCasesClass.MyFirstClass" name="firstTC" time="14.977"/>
</testsuite> <!-- TestCasesClass.MyFirstClass -->
