<?xml version="1.0" encoding="UTF-8"?>
<!-- Generated by org.testng.reporters.JUnitReportReporter -->
<testsuite hostname="DESKTOP-RPL99KP" failures="0" tests="1" name="TestCases.MyFirstClass" time="13.568" errors="0" timestamp="08 Jun 2022 03:04:14 GMT" skipped="0">
  <testcase classname="TestCases.MyFirstClass" name="firstTC" time="13.568"/>
</testsuite> <!-- TestCases.MyFirstClass -->
